[35m[Appium][39m Welcome to Appium v1.22.3
[35m[Appium][39m Non-default server args:
[35m[Appium][39m   port: 55557
[35m[Appium][39m   loglevel: info
[35m[Appium][39m   tmpDir: /var/folders/46/h6j80b8n14ldvcnlmt_lqrjc0000gp/T//Katalon/Appium/Temp1683427926588
[35m[Appium][39m   chromedriverPort: 55558
[35m[Appium][39m Deprecated server args:
[35m[Appium][39m   [31m--chromedriver-port[39m => --default-capabilities
[35m[Appium][39m Default capabilities, which will be added to each request unless overridden by desired capabilities:
[35m[Appium][39m   chromedriverPort: 55558
[35m[Appium][39m Appium REST http interface listener started on 0.0.0.0:55557
[35m[HTTP][39m [37m-->[39m [37mGET[39m [37m/wd/hub/status[39m
[35m[HTTP][39m [90m{}[39m
[35m[HTTP][39m [37m<-- GET /wd/hub/status [39m[32m200[39m [90m4 ms - 68[39m
[35m[HTTP][39m [90m[39m
[35m[HTTP][39m [37m-->[39m [37mGET[39m [37m/wd/hub/status[39m
[35m[HTTP][39m [90m{}[39m
[35m[HTTP][39m [37m<-- GET /wd/hub/status [39m[32m200[39m [90m1 ms - 68[39m
[35m[HTTP][39m [90m[39m
[35m[HTTP][39m [37m-->[39m [37mPOST[39m [37m/wd/hub/session[39m
[35m[HTTP][39m [90m{"desiredCapabilities":{"app":"/Users/flp-9-muhammadminanda/Downloads/kasirAja_311223.apk","noReset":true,"deviceName":"emulator-5554 (sdk_gphone64_arm64 - Android 12)","fullReset":false,"platform":"ANDROID","newCommandTimeout":1800,"platformVersion":"12","automationName":"uiautomator2","autoGrantPermissions":true,"platformName":"Android","udid":"emulator-5554","systemPort":55573},"capabilities":{"firstMatch":[{"appium:app":"/Users/flp-9-muhammadminanda/Downloads/kasirAja_311223.apk","appium:autoGrantPermissions":true,"appium:automationName":"uiautomator2","appium:deviceName":"emulator-5554 (sdk_gphone64_arm64 - Android 12)","appium:fullReset":false,"appium:newCommandTimeout":1800,"appium:noReset":true,"platform":"ANDROID","platformName":"android","appium:platformVersion":"12","appium:systemPort":55573,"appium:udid":"emulator-5554"}]}}[39m
[35m[BaseDriver][39m The following capabilities are not standard capabilities and should have an extension prefix:
[35m[BaseDriver][39m   platform
[35m[BaseDriver][39m   chromedriverPort
[35m[Appium][39m Appium v1.22.3 creating new AndroidUiautomator2Driver (v1.70.1) session
[35m[BaseDriver][39m The following capabilities were provided, but are not recognized by Appium:
[35m[BaseDriver][39m   platform
[35m[BaseDriver][39m Session created with session id: 6f5773f7-8444-4cea-99c4-0c1ea87a81ff
[35m[BaseDriver][39m Using local app '/Users/flp-9-muhammadminanda/Downloads/kasirAja_311223.apk'
[35m[ADB][39m Found 1 'build-tools' folders under '/Users/flp-9-muhammadminanda/.katalon/tools/android_sdk' (newest first):
[35m[ADB][39m     /Users/flp-9-muhammadminanda/.katalon/tools/android_sdk/build-tools/29.0.3
[35m[ADB][39m Using 'adb' from '/Users/flp-9-muhammadminanda/.katalon/tools/android_sdk/platform-tools/adb'
[35m[AndroidDriver][39m Retrieving device list
[35m[AndroidDriver][39m Using device: emulator-5554
[35m[ADB][39m Using 'adb' from '/Users/flp-9-muhammadminanda/.katalon/tools/android_sdk/platform-tools/adb'
[35m[ADB][39m Getting device platform version
[35m[UiAutomator2][39m Relaxing hidden api policy
[35m[ADB][39m Package name: 'com.kasirajaandroid'
[35m[ADB][39m Main activity name: 'com.kasirajaandroid.MainActivity'
[35m[ADB][39m Using 'apksigner.jar' from '/Users/flp-9-muhammadminanda/.katalon/tools/android_sdk/build-tools/29.0.3/lib/apksigner.jar'
[35m[ADB][39m '/opt/homebrew/lib/node_modules/appium/node_modules/appium-uiautomator2-server/apks/appium-uiautomator2-server-v4.27.0.apk' is signed with the default certificate
[35m[ADB][39m '/opt/homebrew/lib/node_modules/appium/node_modules/appium-uiautomator2-server/apks/appium-uiautomator2-server-debug-androidTest.apk' is signed with the default certificate
[35m[UiAutomator2][39m Server packages are not going to be (re)installed
[35m[ADB][39m Adding packages ["io.appium.settings","io.appium.uiautomator2.server","io.appium.uiautomator2.server.test"] to Doze whitelist
[35m[ADB][39m '/Users/flp-9-muhammadminanda/Downloads/kasirAja_311223.apk' is signed with a non-default certificate
[35m[ADB][39m The application at '/Users/flp-9-muhammadminanda/Downloads/kasirAja_311223.apk' will not be cached, because the device under test has confirmed the support of streamed installs
[35m[ADB][39m The installation of 'kasirAja_311223.apk' took 860ms
[35m[UiAutomator2][39m Starting UIAutomator2 server 4.27.0
[35m[UiAutomator2][39m Using UIAutomator2 server from '/opt/homebrew/lib/node_modules/appium/node_modules/appium-uiautomator2-server/apks/appium-uiautomator2-server-v4.27.0.apk' and test from '/opt/homebrew/lib/node_modules/appium/node_modules/appium-uiautomator2-server/apks/appium-uiautomator2-server-debug-androidTest.apk'
[35m[UiAutomator2][39m Waiting up to 30000ms for UiAutomator2 to be online...
[35m[WD Proxy][39m socket hang up
[35m[WD Proxy][39m socket hang up
[35m[WD Proxy][39m socket hang up
[35m[WD Proxy][39m socket hang up
[35m[WD Proxy][39m Determined the downstream protocol as 'W3C'
[35m[AndroidDriver][39m Screen already unlocked, doing nothing
[35m[UiAutomator2][39m Starting 'com.kasirajaandroid/com.kasirajaandroid.MainActivity and waiting for 'com.kasirajaandroid/com.kasirajaandroid.MainActivity'
[35m[Appium][39m New AndroidUiautomator2Driver session created successfully, session 6f5773f7-8444-4cea-99c4-0c1ea87a81ff added to master session list
[35m[HTTP][39m [37m<-- POST /wd/hub/session [39m[32m200[39m [90m16180 ms - 1304[39m
[35m[HTTP][39m [90m[39m
[35m[HTTP][39m [37m-->[39m [37mGET[39m [37m/wd/hub/session/6f5773f7-8444-4cea-99c4-0c1ea87a81ff[39m
[35m[HTTP][39m [90m{}[39m
[35m[HTTP][39m [37m<-- GET /wd/hub/session/6f5773f7-8444-4cea-99c4-0c1ea87a81ff [39m[32m200[39m [90m40 ms - 1258[39m
[35m[HTTP][39m [90m[39m
[35m[HTTP][39m [37m-->[39m [37mGET[39m [37m/wd/hub/session/6f5773f7-8444-4cea-99c4-0c1ea87a81ff[39m
[35m[HTTP][39m [90m{}[39m
[35m[HTTP][39m [37m<-- GET /wd/hub/session/6f5773f7-8444-4cea-99c4-0c1ea87a81ff [39m[32m200[39m [90m31 ms - 1258[39m
[35m[HTTP][39m [90m[39m
[35m[HTTP][39m [37m-->[39m [37mGET[39m [37m/wd/hub/status[39m
[35m[HTTP][39m [90m{}[39m
[35m[HTTP][39m [37m<-- GET /wd/hub/status [39m[32m200[39m [90m1 ms - 68[39m
[35m[HTTP][39m [90m[39m
[35m[HTTP][39m [37m-->[39m [37mPOST[39m [37m/wd/hub/session/6f5773f7-8444-4cea-99c4-0c1ea87a81ff/timeouts[39m
[35m[HTTP][39m [90m{"implicit":60000}[39m
[35m[HTTP][39m [37m<-- POST /wd/hub/session/6f5773f7-8444-4cea-99c4-0c1ea87a81ff/timeouts [39m[32m200[39m [90m6 ms - 14[39m
[35m[HTTP][39m [90m[39m
[35m[HTTP][39m [37m-->[39m [37mGET[39m [37m/wd/hub/session/6f5773f7-8444-4cea-99c4-0c1ea87a81ff/source[39m
[35m[HTTP][39m [90m{}[39m
[35m[W3C (6f5773f7)][39m Driver proxy active, passing request on via HTTP proxy
[35m[WD Proxy][39m Replacing sessionId edd215b0-1992-49c6-8f2e-918f66e2cc9e with 6f5773f7-8444-4cea-99c4-0c1ea87a81ff
[35m[HTTP][39m [37m<-- GET /wd/hub/session/6f5773f7-8444-4cea-99c4-0c1ea87a81ff/source [39m[32m200[39m [90m198 ms - 3990[39m
[35m[HTTP][39m [90m[39m
[35m[HTTP][39m [37m-->[39m [37mGET[39m [37m/wd/hub/session/6f5773f7-8444-4cea-99c4-0c1ea87a81ff/screenshot[39m
[35m[HTTP][39m [90m{}[39m
[35m[HTTP][39m [37m<-- GET /wd/hub/session/6f5773f7-8444-4cea-99c4-0c1ea87a81ff/screenshot [39m[32m200[39m [90m643 ms - 87472[39m
[35m[HTTP][39m [90m[39m
[35m[HTTP][39m [37m-->[39m [37mGET[39m [37m/wd/hub/session/6f5773f7-8444-4cea-99c4-0c1ea87a81ff/source[39m
[35m[HTTP][39m [90m{}[39m
[35m[W3C (6f5773f7)][39m Driver proxy active, passing request on via HTTP proxy
[35m[WD Proxy][39m Replacing sessionId edd215b0-1992-49c6-8f2e-918f66e2cc9e with 6f5773f7-8444-4cea-99c4-0c1ea87a81ff
[35m[HTTP][39m [37m<-- GET /wd/hub/session/6f5773f7-8444-4cea-99c4-0c1ea87a81ff/source [39m[32m200[39m [90m378 ms - 13097[39m
[35m[HTTP][39m [90m[39m
[35m[HTTP][39m [37m-->[39m [37mGET[39m [37m/wd/hub/session/6f5773f7-8444-4cea-99c4-0c1ea87a81ff/screenshot[39m
[35m[HTTP][39m [90m{}[39m
[35m[HTTP][39m [37m<-- GET /wd/hub/session/6f5773f7-8444-4cea-99c4-0c1ea87a81ff/screenshot [39m[32m200[39m [90m728 ms - 179426[39m
[35m[HTTP][39m [90m[39m
[35m[HTTP][39m [37m-->[39m [37mGET[39m [37m/wd/hub/session/6f5773f7-8444-4cea-99c4-0c1ea87a81ff/context[39m
[35m[HTTP][39m [90m{}[39m
[35m[HTTP][39m [37m<-- GET /wd/hub/session/6f5773f7-8444-4cea-99c4-0c1ea87a81ff/context [39m[32m200[39m [90m17 ms - 22[39m
[35m[HTTP][39m [90m[39m
[35m[HTTP][39m [37m-->[39m [37mGET[39m [37m/wd/hub/session/6f5773f7-8444-4cea-99c4-0c1ea87a81ff/contexts[39m
[35m[HTTP][39m [90m{}[39m
[35m[AndroidDriver][39m Skipping the webview 'WEBVIEW_26434' at '@webview_devtools_remote_26434' since it has reported having zero pages
[35m[HTTP][39m [37m<-- GET /wd/hub/session/6f5773f7-8444-4cea-99c4-0c1ea87a81ff/contexts [39m[32m200[39m [90m839 ms - 24[39m
[35m[HTTP][39m [90m[39m
[35m[HTTP][39m [37m-->[39m [37mPOST[39m [37m/wd/hub/session/6f5773f7-8444-4cea-99c4-0c1ea87a81ff/context[39m
[35m[HTTP][39m [90m{"name":"NATIVE_APP"}[39m
[35m[HTTP][39m [37m<-- POST /wd/hub/session/6f5773f7-8444-4cea-99c4-0c1ea87a81ff/context [39m[32m200[39m [90m2 ms - 14[39m
[35m[HTTP][39m [90m[39m
[35m[HTTP][39m [37m-->[39m [37mPOST[39m [37m/wd/hub/session/6f5773f7-8444-4cea-99c4-0c1ea87a81ff/appium/device/hide_keyboard[39m
[35m[HTTP][39m [90m{}[39m
[35m[ADB][39m Keyboard has no UI; no closing necessary
[35m[HTTP][39m [37m<-- POST /wd/hub/session/6f5773f7-8444-4cea-99c4-0c1ea87a81ff/appium/device/hide_keyboard [39m[32m200[39m [90m5123 ms - 15[39m
[35m[HTTP][39m [90m[39m
[35m[HTTP][39m [37m-->[39m [37mPOST[39m [37m/wd/hub/session/6f5773f7-8444-4cea-99c4-0c1ea87a81ff/context[39m
[35m[HTTP][39m [90m{"name":"NATIVE_APP"}[39m
[35m[HTTP][39m [37m<-- POST /wd/hub/session/6f5773f7-8444-4cea-99c4-0c1ea87a81ff/context [39m[32m200[39m [90m1 ms - 14[39m
[35m[HTTP][39m [90m[39m
[35m[HTTP][39m [37m-->[39m [37mGET[39m [37m/wd/hub/session/6f5773f7-8444-4cea-99c4-0c1ea87a81ff/source[39m
[35m[HTTP][39m [90m{}[39m
[35m[W3C (6f5773f7)][39m Driver proxy active, passing request on via HTTP proxy
[35m[WD Proxy][39m Replacing sessionId edd215b0-1992-49c6-8f2e-918f66e2cc9e with 6f5773f7-8444-4cea-99c4-0c1ea87a81ff
[35m[HTTP][39m [37m<-- GET /wd/hub/session/6f5773f7-8444-4cea-99c4-0c1ea87a81ff/source [39m[32m200[39m [90m277 ms - 29355[39m
[35m[HTTP][39m [90m[39m
[35m[HTTP][39m [37m-->[39m [37mGET[39m [37m/wd/hub/session/6f5773f7-8444-4cea-99c4-0c1ea87a81ff/screenshot[39m
[35m[HTTP][39m [90m{}[39m
[35m[HTTP][39m [37m<-- GET /wd/hub/session/6f5773f7-8444-4cea-99c4-0c1ea87a81ff/screenshot [39m[32m200[39m [90m647 ms - 179282[39m
[35m[HTTP][39m [90m[39m
[35m[HTTP][39m [37m-->[39m [37mGET[39m [37m/wd/hub/session/6f5773f7-8444-4cea-99c4-0c1ea87a81ff/context[39m
[35m[HTTP][39m [90m{}[39m
[35m[HTTP][39m [37m<-- GET /wd/hub/session/6f5773f7-8444-4cea-99c4-0c1ea87a81ff/context [39m[32m200[39m [90m3 ms - 22[39m
[35m[HTTP][39m [90m[39m
[35m[HTTP][39m [37m-->[39m [37mGET[39m [37m/wd/hub/session/6f5773f7-8444-4cea-99c4-0c1ea87a81ff/contexts[39m
[35m[HTTP][39m [90m{}[39m
[35m[AndroidDriver][39m Skipping the webview 'WEBVIEW_26434' at '@webview_devtools_remote_26434' since it has reported having zero pages
[35m[HTTP][39m [37m<-- GET /wd/hub/session/6f5773f7-8444-4cea-99c4-0c1ea87a81ff/contexts [39m[32m200[39m [90m314 ms - 24[39m
[35m[HTTP][39m [90m[39m
[35m[HTTP][39m [37m-->[39m [37mPOST[39m [37m/wd/hub/session/6f5773f7-8444-4cea-99c4-0c1ea87a81ff/context[39m
[35m[HTTP][39m [90m{"name":"NATIVE_APP"}[39m
[35m[HTTP][39m [37m<-- POST /wd/hub/session/6f5773f7-8444-4cea-99c4-0c1ea87a81ff/context [39m[32m200[39m [90m1 ms - 14[39m
[35m[HTTP][39m [90m[39m
[35m[HTTP][39m [37m-->[39m [37mPOST[39m [37m/wd/hub/session/6f5773f7-8444-4cea-99c4-0c1ea87a81ff/appium/device/hide_keyboard[39m
[35m[HTTP][39m [90m{}[39m
[35m[ADB][39m Keyboard has no UI; no closing necessary
[35m[HTTP][39m [37m<-- POST /wd/hub/session/6f5773f7-8444-4cea-99c4-0c1ea87a81ff/appium/device/hide_keyboard [39m[32m200[39m [90m5109 ms - 15[39m
[35m[HTTP][39m [90m[39m
[35m[HTTP][39m [37m-->[39m [37mPOST[39m [37m/wd/hub/session/6f5773f7-8444-4cea-99c4-0c1ea87a81ff/context[39m
[35m[HTTP][39m [90m{"name":"NATIVE_APP"}[39m
[35m[HTTP][39m [37m<-- POST /wd/hub/session/6f5773f7-8444-4cea-99c4-0c1ea87a81ff/context [39m[32m200[39m [90m1 ms - 14[39m
[35m[HTTP][39m [90m[39m
[35m[HTTP][39m [37m-->[39m [37mGET[39m [37m/wd/hub/session/6f5773f7-8444-4cea-99c4-0c1ea87a81ff/source[39m
[35m[HTTP][39m [90m{}[39m
[35m[W3C (6f5773f7)][39m Driver proxy active, passing request on via HTTP proxy
[35m[WD Proxy][39m Replacing sessionId edd215b0-1992-49c6-8f2e-918f66e2cc9e with 6f5773f7-8444-4cea-99c4-0c1ea87a81ff
[35m[HTTP][39m [37m<-- GET /wd/hub/session/6f5773f7-8444-4cea-99c4-0c1ea87a81ff/source [39m[32m200[39m [90m117 ms - 29355[39m
[35m[HTTP][39m [90m[39m
[35m[HTTP][39m [37m-->[39m [37mGET[39m [37m/wd/hub/session/6f5773f7-8444-4cea-99c4-0c1ea87a81ff/screenshot[39m
[35m[HTTP][39m [90m{}[39m
[35m[HTTP][39m [37m<-- GET /wd/hub/session/6f5773f7-8444-4cea-99c4-0c1ea87a81ff/screenshot [39m[32m200[39m [90m269 ms - 179282[39m
[35m[HTTP][39m [90m[39m
[35m[HTTP][39m [37m-->[39m [37mGET[39m [37m/wd/hub/session/6f5773f7-8444-4cea-99c4-0c1ea87a81ff/source[39m
[35m[HTTP][39m [90m{}[39m
[35m[W3C (6f5773f7)][39m Driver proxy active, passing request on via HTTP proxy
[35m[WD Proxy][39m Replacing sessionId edd215b0-1992-49c6-8f2e-918f66e2cc9e with 6f5773f7-8444-4cea-99c4-0c1ea87a81ff
[35m[HTTP][39m [37m<-- GET /wd/hub/session/6f5773f7-8444-4cea-99c4-0c1ea87a81ff/source [39m[32m200[39m [90m183 ms - 24065[39m
[35m[HTTP][39m [90m[39m
[35m[HTTP][39m [37m-->[39m [37mGET[39m [37m/wd/hub/session/6f5773f7-8444-4cea-99c4-0c1ea87a81ff/screenshot[39m
[35m[HTTP][39m [90m{}[39m
[35m[HTTP][39m [37m<-- GET /wd/hub/session/6f5773f7-8444-4cea-99c4-0c1ea87a81ff/screenshot [39m[32m200[39m [90m595 ms - 94874[39m
[35m[HTTP][39m [90m[39m
[35m[HTTP][39m [37m-->[39m [37mPOST[39m [37m/wd/hub/session/6f5773f7-8444-4cea-99c4-0c1ea87a81ff/elements[39m
[35m[HTTP][39m [90m{"using":"xpath","value":"//*[@class = 'android.widget.EditText' and (@text = 'BR1683423825557' or . = 'BR1683423825557')]"}[39m
[35m[HTTP][39m [37m<-- POST /wd/hub/session/6f5773f7-8444-4cea-99c4-0c1ea87a81ff/elements [39m[32m200[39m [90m629 ms - 139[39m
[35m[HTTP][39m [90m[39m
[35m[HTTP][39m [37m-->[39m [37mGET[39m [37m/wd/hub/session/6f5773f7-8444-4cea-99c4-0c1ea87a81ff/window/rect[39m
[35m[HTTP][39m [90m{}[39m
[35m[HTTP][39m [37m<-- GET /wd/hub/session/6f5773f7-8444-4cea-99c4-0c1ea87a81ff/window/rect [39m[32m200[39m [90m7 ms - 50[39m
[35m[HTTP][39m [90m[39m
[35m[HTTP][39m [37m-->[39m [37mPOST[39m [37m/wd/hub/session/6f5773f7-8444-4cea-99c4-0c1ea87a81ff/elements[39m
[35m[HTTP][39m [90m{"using":"xpath","value":"//*[@class = 'android.widget.EditText' and (@text = 'BR1683423825557' or . = 'BR1683423825557')]"}[39m
[35m[HTTP][39m [37m<-- POST /wd/hub/session/6f5773f7-8444-4cea-99c4-0c1ea87a81ff/elements [39m[32m200[39m [90m88 ms - 139[39m
[35m[HTTP][39m [90m[39m
[35m[HTTP][39m [37m-->[39m [37mGET[39m [37m/wd/hub/session/6f5773f7-8444-4cea-99c4-0c1ea87a81ff/element/00000000-0000-025e-ffff-ffff00000132/location[39m
[35m[HTTP][39m [90m{}[39m
[35m[W3C (6f5773f7)][39m Driver proxy active, passing request on via HTTP proxy
[35m[WD Proxy][39m Replacing sessionId edd215b0-1992-49c6-8f2e-918f66e2cc9e with 6f5773f7-8444-4cea-99c4-0c1ea87a81ff
[35m[HTTP][39m [37m<-- GET /wd/hub/session/6f5773f7-8444-4cea-99c4-0c1ea87a81ff/element/00000000-0000-025e-ffff-ffff00000132/location [39m[32m200[39m [90m10 ms - 77[39m
[35m[HTTP][39m [90m[39m
[35m[HTTP][39m [37m-->[39m [37mGET[39m [37m/wd/hub/session/6f5773f7-8444-4cea-99c4-0c1ea87a81ff/element/00000000-0000-025e-ffff-ffff00000132/text[39m
[35m[HTTP][39m [90m{}[39m
[35m[W3C (6f5773f7)][39m Driver proxy active, passing request on via HTTP proxy
[35m[WD Proxy][39m Replacing sessionId edd215b0-1992-49c6-8f2e-918f66e2cc9e with 6f5773f7-8444-4cea-99c4-0c1ea87a81ff
[35m[HTTP][39m [37m<-- GET /wd/hub/session/6f5773f7-8444-4cea-99c4-0c1ea87a81ff/element/00000000-0000-025e-ffff-ffff00000132/text [39m[32m200[39m [90m10 ms - 78[39m
[35m[HTTP][39m [90m[39m
[35m[HTTP][39m [37m-->[39m [37mGET[39m [37m/wd/hub/session/6f5773f7-8444-4cea-99c4-0c1ea87a81ff/source[39m
[35m[HTTP][39m [90m{}[39m
[35m[W3C (6f5773f7)][39m Driver proxy active, passing request on via HTTP proxy
[35m[WD Proxy][39m Replacing sessionId edd215b0-1992-49c6-8f2e-918f66e2cc9e with 6f5773f7-8444-4cea-99c4-0c1ea87a81ff
[35m[HTTP][39m [37m<-- GET /wd/hub/session/6f5773f7-8444-4cea-99c4-0c1ea87a81ff/source [39m[32m200[39m [90m116 ms - 24065[39m
[35m[HTTP][39m [90m[39m
[35m[HTTP][39m [37m-->[39m [37mGET[39m [37m/wd/hub/session/6f5773f7-8444-4cea-99c4-0c1ea87a81ff/screenshot[39m
[35m[HTTP][39m [90m{}[39m
[35m[HTTP][39m [37m<-- GET /wd/hub/session/6f5773f7-8444-4cea-99c4-0c1ea87a81ff/screenshot [39m[32m200[39m [90m301 ms - 94874[39m
[35m[HTTP][39m [90m[39m
[35m[HTTP][39m [37m-->[39m [37mGET[39m [37m/wd/hub/session/6f5773f7-8444-4cea-99c4-0c1ea87a81ff/source[39m
[35m[HTTP][39m [90m{}[39m
[35m[W3C (6f5773f7)][39m Driver proxy active, passing request on via HTTP proxy
[35m[WD Proxy][39m Replacing sessionId edd215b0-1992-49c6-8f2e-918f66e2cc9e with 6f5773f7-8444-4cea-99c4-0c1ea87a81ff
[35m[HTTP][39m [37m<-- GET /wd/hub/session/6f5773f7-8444-4cea-99c4-0c1ea87a81ff/source [39m[32m200[39m [90m239 ms - 40454[39m
[35m[HTTP][39m [90m[39m
[35m[HTTP][39m [37m-->[39m [37mGET[39m [37m/wd/hub/session/6f5773f7-8444-4cea-99c4-0c1ea87a81ff/screenshot[39m
[35m[HTTP][39m [90m{}[39m
[35m[HTTP][39m [37m<-- GET /wd/hub/session/6f5773f7-8444-4cea-99c4-0c1ea87a81ff/screenshot [39m[32m200[39m [90m620 ms - 249876[39m
[35m[HTTP][39m [90m[39m
[35m[HTTP][39m [37m-->[39m [37mPOST[39m [37m/wd/hub/session/6f5773f7-8444-4cea-99c4-0c1ea87a81ff/elements[39m
[35m[HTTP][39m [90m{"using":"xpath","value":"//*[@class = 'android.widget.TextView' and (@text = 'BR1683423825557' or . = 'BR1683423825557')]"}[39m
[35m[HTTP][39m [37m<-- POST /wd/hub/session/6f5773f7-8444-4cea-99c4-0c1ea87a81ff/elements [39m[32m200[39m [90m211 ms - 139[39m
[35m[HTTP][39m [90m[39m
[35m[HTTP][39m [37m-->[39m [37mGET[39m [37m/wd/hub/session/6f5773f7-8444-4cea-99c4-0c1ea87a81ff/window/rect[39m
[35m[HTTP][39m [90m{}[39m
[35m[HTTP][39m [37m<-- GET /wd/hub/session/6f5773f7-8444-4cea-99c4-0c1ea87a81ff/window/rect [39m[32m200[39m [90m14 ms - 50[39m
[35m[HTTP][39m [90m[39m
[35m[HTTP][39m [37m-->[39m [37mPOST[39m [37m/wd/hub/session/6f5773f7-8444-4cea-99c4-0c1ea87a81ff/elements[39m
[35m[HTTP][39m [90m{"using":"xpath","value":"//*[@class = 'android.widget.TextView' and (@text = 'BR1683423825557' or . = 'BR1683423825557')]"}[39m
[35m[HTTP][39m [37m<-- POST /wd/hub/session/6f5773f7-8444-4cea-99c4-0c1ea87a81ff/elements [39m[32m200[39m [90m118 ms - 139[39m
[35m[HTTP][39m [90m[39m
[35m[HTTP][39m [37m-->[39m [37mGET[39m [37m/wd/hub/session/6f5773f7-8444-4cea-99c4-0c1ea87a81ff/element/00000000-0000-025e-ffff-ffff0000029e/location[39m
[35m[HTTP][39m [90m{}[39m
[35m[W3C (6f5773f7)][39m Driver proxy active, passing request on via HTTP proxy
[35m[WD Proxy][39m Replacing sessionId edd215b0-1992-49c6-8f2e-918f66e2cc9e with 6f5773f7-8444-4cea-99c4-0c1ea87a81ff
[35m[HTTP][39m [37m<-- GET /wd/hub/session/6f5773f7-8444-4cea-99c4-0c1ea87a81ff/element/00000000-0000-025e-ffff-ffff0000029e/location [39m[32m200[39m [90m9 ms - 78[39m
[35m[HTTP][39m [90m[39m
[35m[HTTP][39m [37m-->[39m [37mGET[39m [37m/wd/hub/session/6f5773f7-8444-4cea-99c4-0c1ea87a81ff/element/00000000-0000-025e-ffff-ffff0000029e/text[39m
[35m[HTTP][39m [90m{}[39m
[35m[W3C (6f5773f7)][39m Driver proxy active, passing request on via HTTP proxy
[35m[WD Proxy][39m Replacing sessionId edd215b0-1992-49c6-8f2e-918f66e2cc9e with 6f5773f7-8444-4cea-99c4-0c1ea87a81ff
[35m[HTTP][39m [37m<-- GET /wd/hub/session/6f5773f7-8444-4cea-99c4-0c1ea87a81ff/element/00000000-0000-025e-ffff-ffff0000029e/text [39m[32m200[39m [90m5 ms - 78[39m
[35m[HTTP][39m [90m[39m
[35m[HTTP][39m [37m-->[39m [37mGET[39m [37m/wd/hub/session/6f5773f7-8444-4cea-99c4-0c1ea87a81ff/source[39m
[35m[HTTP][39m [90m{}[39m
[35m[W3C (6f5773f7)][39m Driver proxy active, passing request on via HTTP proxy
[35m[WD Proxy][39m Replacing sessionId edd215b0-1992-49c6-8f2e-918f66e2cc9e with 6f5773f7-8444-4cea-99c4-0c1ea87a81ff
[35m[HTTP][39m [37m<-- GET /wd/hub/session/6f5773f7-8444-4cea-99c4-0c1ea87a81ff/source [39m[32m200[39m [90m148 ms - 40151[39m
[35m[HTTP][39m [90m[39m
[35m[HTTP][39m [37m-->[39m [37mGET[39m [37m/wd/hub/session/6f5773f7-8444-4cea-99c4-0c1ea87a81ff/screenshot[39m
[35m[HTTP][39m [90m{}[39m
[35m[HTTP][39m [37m<-- GET /wd/hub/session/6f5773f7-8444-4cea-99c4-0c1ea87a81ff/screenshot [39m[32m200[39m [90m297 ms - 250636[39m
[35m[HTTP][39m [90m[39m
[35m[HTTP][39m [37m-->[39m [37mDELETE[39m [37m/wd/hub/session/6f5773f7-8444-4cea-99c4-0c1ea87a81ff[39m
[35m[HTTP][39m [90m{}[39m
[35m[Appium][39m Removing session 6f5773f7-8444-4cea-99c4-0c1ea87a81ff from our master session list
[35m[UiAutomator2][39m Restoring hidden api policy to the device default configuration
[35m[HTTP][39m [37m<-- DELETE /wd/hub/session/6f5773f7-8444-4cea-99c4-0c1ea87a81ff [39m[32m200[39m [90m667 ms - 14[39m
[35m[HTTP][39m [90m[39m
